Build started at 2024-05-16T13:28:44.102755
Main binary: /opt/anaconda3/envs/wisdem-env/bin/python3.12
Build Options: -Dpython.purelibdir=. -Dpython.platlibdir=. -Dprefix=/Users/nriccobo/GitHub/WISDEM/meson_build -Dbuildtype=release
Python system: Darwin
The Meson build system
Version: 1.4.0
Source dir: /Users/nriccobo/GitHub/WISDEM
Build dir: /Users/nriccobo/GitHub/WISDEM/meson_build
Build type: native build
Project name: wisdem
Project version: undefined
-----------
Detecting compiler via: `arm64-apple-darwin20.0.0-clang --version` -> 0
stdout:
clang version 18.1.5
Target: arm64-apple-darwin20.0.0
Thread model: posix
InstalledDir: /opt/anaconda3/envs/wisdem-env/bin
-----------
Running command: arm64-apple-darwin20.0.0-clang -E -dM -
-----
-----------
Detecting linker via: `arm64-apple-darwin20.0.0-clang -Wl,--version -Wl,-headerpad_max_install_names -Wl,-dead_strip_dylibs -Wl,-rpath,/opt/anaconda3/envs/wisdem-env/lib -L/opt/anaconda3/envs/wisdem-env/lib -ftree-vectorize -fPIC -fstack-protector-strong -O2 -pipe -isystem /opt/anaconda3/envs/wisdem-env/include -D_FORTIFY_SOURCE=2 -isystem /opt/anaconda3/envs/wisdem-env/include` -> 1
stderr:
ld: unknown option: --version
arm64-apple-darwin20.0: error: linker command failed with exit code 1 (use -v to see invocation)
-----------
-----------
Detecting Apple linker via: `arm64-apple-darwin20.0.0-clang -Wl,-v -Wl,-headerpad_max_install_names -Wl,-dead_strip_dylibs -Wl,-rpath,/opt/anaconda3/envs/wisdem-env/lib -L/opt/anaconda3/envs/wisdem-env/lib -ftree-vectorize -fPIC -fstack-protector-strong -O2 -pipe -isystem /opt/anaconda3/envs/wisdem-env/include -D_FORTIFY_SOURCE=2 -isystem /opt/anaconda3/envs/wisdem-env/include` -> 1
stderr:
@(#)PROGRAM:ld  PROJECT:ld64-711
BUILD 06:31:17 Mar 15 2024
configured to support archs: armv6 armv7 armv7s arm64 arm64e arm64_32 i386 x86_64 x86_64h armv6m armv7k armv7m armv7em (tvOS)
Library search paths:
	/opt/anaconda3/envs/wisdem-env/lib
	/Library/Developer/CommandLineTools/SDKs/MacOSX.sdk/usr/lib
Framework search paths:
	/Library/Developer/CommandLineTools/SDKs/MacOSX.sdk/System/Library/Frameworks/
Undefined symbols for architecture arm64:
  "_main", referenced from:
     implicit entry/start for main executable
ld: symbol(s) not found for architecture arm64
arm64-apple-darwin20.0: error: linker command failed with exit code 1 (use -v to see invocation)
-----------
Sanity testing C compiler: arm64-apple-darwin20.0.0-clang
Is cross compiler: False.
Sanity check compiler command line: arm64-apple-darwin20.0.0-clang sanitycheckc.c -o sanitycheckc.exe -ftree-vectorize -fPIC -fstack-protector-strong -O2 -pipe -isystem /opt/anaconda3/envs/wisdem-env/include -D_FORTIFY_SOURCE=2 -isystem /opt/anaconda3/envs/wisdem-env/include -Wl,-headerpad_max_install_names -Wl,-dead_strip_dylibs -Wl,-rpath,/opt/anaconda3/envs/wisdem-env/lib -L/opt/anaconda3/envs/wisdem-env/lib
Sanity check compile stdout:

-----
Sanity check compile stderr:

-----
Running test binary command:  /Users/nriccobo/GitHub/WISDEM/meson_build/meson-private/sanitycheckc.exe
C compiler for the host machine: arm64-apple-darwin20.0.0-clang (clang 18.1.5 "clang version 18.1.5")
C linker for the host machine: arm64-apple-darwin20.0.0-clang ld64 711
-----------
Detecting archiver via: `arm64-apple-darwin20.0.0-ar --version` -> 1
stderr:
usage:  ar -d [-TLsv] archive file ...
	ar -m [-TLsv] archive file ...
	ar -m [-abiTLsv] position archive file ...
	ar -p [-TLsv] archive [file ...]
	ar -q [-cTLsv] archive file ...
	ar -r [-cuTLsv] archive file ...
	ar -r [-abciuTLsv] position archive file ...
	ar -t [-TLsv] archive [file ...]
	ar -x [-ouTLsv] archive [file ...]
-----------
-----------
Detecting compiler via: `arm64-apple-darwin20.0.0-clang --version` -> 0
stdout:
clang version 18.1.5
Target: arm64-apple-darwin20.0.0
Thread model: posix
InstalledDir: /opt/anaconda3/envs/wisdem-env/bin
-----------
Running command: arm64-apple-darwin20.0.0-clang -E -dM -
-----
-----------
Detecting linker via: `arm64-apple-darwin20.0.0-clang -Wl,--version -Wl,-headerpad_max_install_names -Wl,-dead_strip_dylibs -Wl,-rpath,/opt/anaconda3/envs/wisdem-env/lib -L/opt/anaconda3/envs/wisdem-env/lib -ftree-vectorize -fPIC -fstack-protector-strong -O2 -pipe -isystem /opt/anaconda3/envs/wisdem-env/include -D_FORTIFY_SOURCE=2 -isystem /opt/anaconda3/envs/wisdem-env/include` -> 1
stderr:
ld: unknown option: --version
arm64-apple-darwin20.0: error: linker command failed with exit code 1 (use -v to see invocation)
-----------
-----------
Detecting Apple linker via: `arm64-apple-darwin20.0.0-clang -Wl,-v -Wl,-headerpad_max_install_names -Wl,-dead_strip_dylibs -Wl,-rpath,/opt/anaconda3/envs/wisdem-env/lib -L/opt/anaconda3/envs/wisdem-env/lib -ftree-vectorize -fPIC -fstack-protector-strong -O2 -pipe -isystem /opt/anaconda3/envs/wisdem-env/include -D_FORTIFY_SOURCE=2 -isystem /opt/anaconda3/envs/wisdem-env/include` -> 1
stderr:
@(#)PROGRAM:ld  PROJECT:ld64-711
BUILD 06:31:17 Mar 15 2024
configured to support archs: armv6 armv7 armv7s arm64 arm64e arm64_32 i386 x86_64 x86_64h armv6m armv7k armv7m armv7em (tvOS)
Library search paths:
	/opt/anaconda3/envs/wisdem-env/lib
	/Library/Developer/CommandLineTools/SDKs/MacOSX.sdk/usr/lib
Framework search paths:
	/Library/Developer/CommandLineTools/SDKs/MacOSX.sdk/System/Library/Frameworks/
Undefined symbols for architecture arm64:
  "_main", referenced from:
     implicit entry/start for main executable
ld: symbol(s) not found for architecture arm64
arm64-apple-darwin20.0: error: linker command failed with exit code 1 (use -v to see invocation)
-----------
Sanity testing C compiler: arm64-apple-darwin20.0.0-clang
Is cross compiler: False.
Sanity check compiler command line: arm64-apple-darwin20.0.0-clang sanitycheckc.c -o sanitycheckc.exe -ftree-vectorize -fPIC -fstack-protector-strong -O2 -pipe -isystem /opt/anaconda3/envs/wisdem-env/include -D_FORTIFY_SOURCE=2 -isystem /opt/anaconda3/envs/wisdem-env/include -Wl,-headerpad_max_install_names -Wl,-dead_strip_dylibs -Wl,-rpath,/opt/anaconda3/envs/wisdem-env/lib -L/opt/anaconda3/envs/wisdem-env/lib
Sanity check compile stdout:

-----
Sanity check compile stderr:

-----
Running test binary command:  /Users/nriccobo/GitHub/WISDEM/meson_build/meson-private/sanitycheckc.exe
C compiler for the build machine: arm64-apple-darwin20.0.0-clang (clang 18.1.5 "clang version 18.1.5")
C linker for the build machine: arm64-apple-darwin20.0.0-clang ld64 711
-----------
Detecting archiver via: `arm64-apple-darwin20.0.0-ar --version` -> 1
stderr:
usage:  ar -d [-TLsv] archive file ...
	ar -m [-TLsv] archive file ...
	ar -m [-abiTLsv] position archive file ...
	ar -p [-TLsv] archive [file ...]
	ar -q [-cTLsv] archive file ...
	ar -r [-cuTLsv] archive file ...
	ar -r [-abciuTLsv] position archive file ...
	ar -t [-TLsv] archive [file ...]
	ar -x [-ouTLsv] archive [file ...]
-----------
Build machine cpu family: aarch64
Build machine cpu: aarch64
Host machine cpu family: aarch64
Host machine cpu: aarch64
Target machine cpu family: aarch64
Target machine cpu: aarch64
-----------
Detecting compiler via: `/opt/anaconda3/envs/wisdem-env/bin/arm64-apple-darwin20.0.0-gfortran --version` -> 0
stdout:
GNU Fortran (GCC) 13.2.0
Copyright (C) 2023 Free Software Foundation, Inc.
This is free software; see the source for copying conditions.  There is NO
warranty; not even for MERCHANTABILITY or FITNESS FOR A PARTICULAR PURPOSE.
-----------
Running command: /opt/anaconda3/envs/wisdem-env/bin/arm64-apple-darwin20.0.0-gfortran -E -dM -
-----
-----------
Detecting linker via: `/opt/anaconda3/envs/wisdem-env/bin/arm64-apple-darwin20.0.0-gfortran -Wl,--version -Wl,-headerpad_max_install_names -Wl,-dead_strip_dylibs -Wl,-rpath,/opt/anaconda3/envs/wisdem-env/lib -L/opt/anaconda3/envs/wisdem-env/lib -march=armv8.3-a -ftree-vectorize -fPIC -fno-stack-protector -O2 -pipe -isystem /opt/anaconda3/envs/wisdem-env/include` -> 1
stderr:
collect2 version 13.2.0
/opt/anaconda3/envs/wisdem-env/lib/gcc/arm64-apple-darwin20.0.0/13.2.0/ld -syslibroot /Library/Developer/CommandLineTools/SDKs/MacOSX.sdk/ -dynamic -arch arm64 -macosx_version_min 13.0.0 -o a.out -L/opt/anaconda3/envs/wisdem-env/lib -L/opt/anaconda3/envs/wisdem-env/lib/gcc/arm64-apple-darwin20.0.0/13.2.0 -L/opt/anaconda3/envs/wisdem-env/lib/gcc/arm64-apple-darwin20.0.0/13.2.0/../../.. --version -headerpad_max_install_names -dead_strip_dylibs -rpath /opt/anaconda3/envs/wisdem-env/lib -lemutls_w -lgcc -lSystem -lgcc -no_compact_unwind -rpath @loader_path -rpath /opt/anaconda3/envs/wisdem-env/lib/gcc/arm64-apple-darwin20.0.0/13.2.0 -rpath /opt/anaconda3/envs/wisdem-env/lib
ld: unknown option: --version
collect2: error: ld returned 1 exit status
-----------
-----------
Detecting Apple linker via: `/opt/anaconda3/envs/wisdem-env/bin/arm64-apple-darwin20.0.0-gfortran -Wl,-v -Wl,-headerpad_max_install_names -Wl,-dead_strip_dylibs -Wl,-rpath,/opt/anaconda3/envs/wisdem-env/lib -L/opt/anaconda3/envs/wisdem-env/lib -march=armv8.3-a -ftree-vectorize -fPIC -fno-stack-protector -O2 -pipe -isystem /opt/anaconda3/envs/wisdem-env/include` -> 1
stderr:
collect2 version 13.2.0
/opt/anaconda3/envs/wisdem-env/lib/gcc/arm64-apple-darwin20.0.0/13.2.0/ld -syslibroot /Library/Developer/CommandLineTools/SDKs/MacOSX.sdk/ -dynamic -arch arm64 -macosx_version_min 13.0.0 -o a.out -L/opt/anaconda3/envs/wisdem-env/lib -L/opt/anaconda3/envs/wisdem-env/lib/gcc/arm64-apple-darwin20.0.0/13.2.0 -L/opt/anaconda3/envs/wisdem-env/lib/gcc/arm64-apple-darwin20.0.0/13.2.0/../../.. -v -headerpad_max_install_names -dead_strip_dylibs -rpath /opt/anaconda3/envs/wisdem-env/lib -lemutls_w -lgcc -lSystem -lgcc -no_compact_unwind -rpath @loader_path -rpath /opt/anaconda3/envs/wisdem-env/lib/gcc/arm64-apple-darwin20.0.0/13.2.0 -rpath /opt/anaconda3/envs/wisdem-env/lib
@(#)PROGRAM:ld  PROJECT:ld64-711
BUILD 06:31:17 Mar 15 2024
configured to support archs: armv6 armv7 armv7s arm64 arm64e arm64_32 i386 x86_64 x86_64h armv6m armv7k armv7m armv7em (tvOS)
Library search paths:
	/opt/anaconda3/envs/wisdem-env/lib
	/opt/anaconda3/envs/wisdem-env/lib/gcc/arm64-apple-darwin20.0.0/13.2.0
	/opt/anaconda3/envs/wisdem-env/lib
	/Library/Developer/CommandLineTools/SDKs/MacOSX.sdk/usr/lib
Framework search paths:
	/Library/Developer/CommandLineTools/SDKs/MacOSX.sdk/System/Library/Frameworks/
Undefined symbols for architecture arm64:
  "_main", referenced from:
     implicit entry/start for main executable
ld: symbol(s) not found for architecture arm64
collect2: error: ld returned 1 exit status
-----------
Sanity testing Fortran compiler: /opt/anaconda3/envs/wisdem-env/bin/arm64-apple-darwin20.0.0-gfortran
Is cross compiler: False.
Sanity check compiler command line: /opt/anaconda3/envs/wisdem-env/bin/arm64-apple-darwin20.0.0-gfortran sanitycheckf.f90 -o sanitycheckf.exe -march=armv8.3-a -ftree-vectorize -fPIC -fno-stack-protector -O2 -pipe -isystem /opt/anaconda3/envs/wisdem-env/include -Wl,-headerpad_max_install_names -Wl,-dead_strip_dylibs -Wl,-rpath,/opt/anaconda3/envs/wisdem-env/lib -L/opt/anaconda3/envs/wisdem-env/lib -march=armv8.3-a -ftree-vectorize -fPIC -fno-stack-protector -O2 -pipe -isystem /opt/anaconda3/envs/wisdem-env/include
Sanity check compile stdout:

-----
Sanity check compile stderr:

-----
Running test binary command:  /Users/nriccobo/GitHub/WISDEM/meson_build/meson-private/sanitycheckf.exe
Fortran compiler for the host machine: /opt/anaconda3/envs/wisdem-env/bin/arm64-apple-darwin20.0.0-gfortran (gcc 13.2.0 "GNU Fortran (GCC) 13.2.0")
Fortran linker for the host machine: /opt/anaconda3/envs/wisdem-env/bin/arm64-apple-darwin20.0.0-gfortran ld64 711
Running compile:
Working directory:  /Users/nriccobo/GitHub/WISDEM/meson_build/meson-private/tmp6gnl79td
Code:
 int main(void) { return 0; }

-----------
Command line: `arm64-apple-darwin20.0.0-clang -L/opt/anaconda3/envs/wisdem-env/lib /Users/nriccobo/GitHub/WISDEM/meson_build/meson-private/tmp6gnl79td/testfile.c -o /Users/nriccobo/GitHub/WISDEM/meson_build/meson-private/tmp6gnl79td/output.exe -ftree-vectorize -fPIC -fstack-protector-strong -O2 -pipe -isystem /opt/anaconda3/envs/wisdem-env/include -D_FORTIFY_SOURCE=2 -isystem /opt/anaconda3/envs/wisdem-env/include -O0 -Werror=implicit-function-declaration -lm -Wl,-undefined,dynamic_lookup -Wl,-headerpad_max_install_names -Wl,-dead_strip_dylibs -Wl,-rpath,/opt/anaconda3/envs/wisdem-env/lib` -> 0
Library m found: YES
Program python found: YES (/opt/anaconda3/envs/wisdem-env/bin/python)
Searching for 'python-3.12' via pkgconfig lookup in LIBPC
Pkg-config binary missing from cross or native file, or env var undefined.
Trying a default Pkg-config fallback at pkg-config
Did not find pkg-config by name 'pkg-config'
Found pkg-config: NO
Pkg-config for machine host machine not found. Giving up.
"python-3.12" could not be found in LIBPC, this is likely due to a relocated python installation
Searching for 'python-3.12' via fallback pkgconfig lookup in default paths
Pkg-config for machine host machine not found. Giving up.
Running compile:
Working directory:  /Users/nriccobo/GitHub/WISDEM/meson_build/meson-private/tmpu4tyh5e5
Code:
 
        #ifdef __has_include
         #if !__has_include("Python.h")
          #error "Header 'Python.h' could not be found"
         #endif
        #else
         #include <Python.h>
        #endif
-----------
Command line: `arm64-apple-darwin20.0.0-clang -I/opt/anaconda3/envs/wisdem-env/include/python3.12 /Users/nriccobo/GitHub/WISDEM/meson_build/meson-private/tmpu4tyh5e5/testfile.c -E -P -ftree-vectorize -fPIC -fstack-protector-strong -O2 -pipe -isystem /opt/anaconda3/envs/wisdem-env/include -D_FORTIFY_SOURCE=2 -isystem /opt/anaconda3/envs/wisdem-env/include -P -O0 -Werror=implicit-function-declaration` -> 0
Run-time dependency python found: YES 3.12
meson.build:40: WARNING: Project targets '>= 0.60' but uses feature deprecated since '0.55.0': ExternalProgram.path. use ExternalProgram.full_path() instead
Message: /opt/anaconda3/envs/wisdem-env/bin/python
Message: /Users/nriccobo/GitHub/WISDEM/meson_build/./
Running command: /opt/anaconda3/envs/wisdem-env/bin/python -c 'import os; os.chdir(".."); import numpy; print(numpy.get_include())'
--- stdout ---
/private/var/folders/90/1lkt657x3n1cw5x65j3lfgd5406fb8/T/pip-build-env-ms5mgroi/overlay/lib/python3.12/site-packages/numpy/core/include

--- stderr ---


wisdem/ccblade/meson.build:8: WARNING: Project targets '>= 0.60' but uses feature introduced in '0.63.0': python_installation.extension_module with implicit dependency on python. use python_installation.dependency()
Build targets in project: 4
WARNING: Project specifies a minimum meson_version '>= 0.60' but uses features which were added in newer versions:
 * 0.63.0: {'python_installation.extension_module with implicit dependency on python'}
WARNING: Deprecated features used:
 * 0.55.0: {'ExternalProgram.path'}

wisdem undefined

  User defined options
    buildtype        : release
    prefix           : /Users/nriccobo/GitHub/WISDEM/meson_build
    python.platlibdir: .
    python.purelibdir: .

Found ninja-1.11.1.git.kitware.jobserver-1 at /private/var/folders/90/1lkt657x3n1cw5x65j3lfgd5406fb8/T/pip-build-env-ms5mgroi/overlay/bin/ninja
Running compile:
Working directory:  /Users/nriccobo/GitHub/WISDEM/meson_build/meson-private/tmpcvv14yxu
Code:
 
-----------
Command line: `/opt/anaconda3/envs/wisdem-env/bin/arm64-apple-darwin20.0.0-gfortran -L/opt/anaconda3/envs/wisdem-env/lib /Users/nriccobo/GitHub/WISDEM/meson_build/meson-private/tmpcvv14yxu/testfile.f90 -o /Users/nriccobo/GitHub/WISDEM/meson_build/meson-private/tmpcvv14yxu/output.obj -c -march=armv8.3-a -ftree-vectorize -fPIC -fno-stack-protector -O2 -pipe -isystem /opt/anaconda3/envs/wisdem-env/include -O0 --print-search-dirs -Wl,-headerpad_max_install_names -Wl,-dead_strip_dylibs -Wl,-rpath,/opt/anaconda3/envs/wisdem-env/lib -march=armv8.3-a -ftree-vectorize -fPIC -fno-stack-protector -O2 -isystem /opt/anaconda3/envs/wisdem-env/include` -> 0
stdout:
install: /opt/anaconda3/envs/wisdem-env/lib/gcc/arm64-apple-darwin20.0.0/13.2.0/
programs: =/opt/anaconda3/envs/wisdem-env/libexec/gcc/arm64-apple-darwin20.0.0/13.2.0/:/opt/anaconda3/envs/wisdem-env/libexec/gcc/arm64-apple-darwin20.0.0/13.2.0/:/opt/anaconda3/envs/wisdem-env/libexec/gcc/arm64-apple-darwin20.0.0/:/opt/anaconda3/envs/wisdem-env/lib/gcc/arm64-apple-darwin20.0.0/13.2.0/:/opt/anaconda3/envs/wisdem-env/lib/gcc/arm64-apple-darwin20.0.0/:/opt/anaconda3/envs/wisdem-env/lib/gcc/arm64-apple-darwin20.0.0/13.2.0/../../../../arm64-apple-darwin20.0.0/bin/arm64-apple-darwin20.0.0/13.2.0/:/opt/anaconda3/envs/wisdem-env/lib/gcc/arm64-apple-darwin20.0.0/13.2.0/../../../../arm64-apple-darwin20.0.0/bin/
libraries: =/opt/anaconda3/envs/wisdem-env/lib/gcc/arm64-apple-darwin20.0.0/13.2.0/:/opt/anaconda3/envs/wisdem-env/lib/gcc/arm64-apple-darwin20.0.0/13.2.0/../../../../arm64-apple-darwin20.0.0/lib/arm64-apple-darwin20.0.0/13.2.0/:/opt/anaconda3/envs/wisdem-env/lib/gcc/arm64-apple-darwin20.0.0/13.2.0/../../../../arm64-apple-darwin20.0.0/lib/:/opt/anaconda3/envs/wisdem-env/lib/gcc/arm64-apple-darwin20.0.0/13.2.0/../../../arm64-apple-darwin20.0.0/13.2.0/:/opt/anaconda3/envs/wisdem-env/lib/gcc/arm64-apple-darwin20.0.0/13.2.0/../../../
-----------
Running compile:
Working directory:  /Users/nriccobo/GitHub/WISDEM/meson_build/meson-private/tmp3wgwr09i
Code:
 
-----------
Command line: `arm64-apple-darwin20.0.0-clang /Users/nriccobo/GitHub/WISDEM/meson_build/meson-private/tmp3wgwr09i/testfile.c -o /Users/nriccobo/GitHub/WISDEM/meson_build/meson-private/tmp3wgwr09i/output.obj -c -ftree-vectorize -fPIC -fstack-protector-strong -O2 -pipe -isystem /opt/anaconda3/envs/wisdem-env/include -D_FORTIFY_SOURCE=2 -isystem /opt/anaconda3/envs/wisdem-env/include -O0 -Werror=implicit-function-declaration -Werror=unknown-warning-option -Werror=unused-command-line-argument -Werror=ignored-optimization-argument --print-search-dirs` -> 0
stdout:
programs: =/opt/anaconda3/envs/wisdem-env/bin
libraries: =/opt/anaconda3/envs/wisdem-env/lib/clang/18
-----------
